# JRE version: Java(TM) SE Runtime Environment (8.0_281-b09) (build 1.8.0_281-b09)
# Java VM: Java HotSpot(TM) 64-Bit Server VM (25.281-b09 mixed mode windows-amd64 compressed oops)
Heap:
 PSYoungGen      total 61440K, used 12124K [0x00000000d6380000, 0x00000000dc700000, 0x0000000100000000)
  eden space 53248K, 10% used [0x00000000d6380000,0x00000000d690d6c8,0x00000000d9780000)
  from space 8192K, 78% used [0x00000000d9780000,0x00000000d9dc9b50,0x00000000d9f80000)
  to   space 8192K, 0% used [0x00000000dbf00000,0x00000000dbf00000,0x00000000dc700000)
 ParOldGen       total 52736K, used 6421K [0x0000000082a00000, 0x0000000085d80000, 0x00000000d6380000)
  object space 52736K, 12% used [0x0000000082a00000,0x00000000830454d0,0x0000000085d80000)
 Metaspace       used 28603K, capacity 30980K, committed 31104K, reserved 1077248K
  class space    used 3776K, capacity 4184K, committed 4224K, reserved 1048576K
GC Heap History (10 events):
Event: 2.310 GC heap before
{Heap before GC invocations=4 (full 0):
 PSYoungGen      total 37888K, used 18953K [0x00000000d6380000, 0x00000000d8d80000, 0x0000000100000000)
  eden space 32768K, 42% used [0x00000000d6380000,0x00000000d7107720,0x00000000d8380000)
  from space 5120K, 99% used [0x00000000d8380000,0x00000000d887ae40,0x00000000d8880000)
  to   space 5120K, 0% used [0x00000000d8880000,0x00000000d8880000,0x00000000d8d80000)
 ParOldGen       total 86016K, used 2766K [0x0000000082a00000, 0x0000000087e00000, 0x00000000d6380000)
  object space 86016K, 3% used [0x0000000082a00000,0x0000000082cb3818,0x0000000087e00000)
 Metaspace       used 19773K, capacity 21216K, committed 21296K, reserved 1067008K
  class space    used 2577K, capacity 2864K, committed 2944K, reserved 1048576K
Event: 2.317 GC heap after
Heap after GC invocations=4 (full 0):
 PSYoungGen      total 37888K, used 5088K [0x00000000d6380000, 0x00000000dad80000, 0x0000000100000000)
  eden space 32768K, 0% used [0x00000000d6380000,0x00000000d6380000,0x00000000d8380000)
  from space 5120K, 99% used [0x00000000d8880000,0x00000000d8d78030,0x00000000d8d80000)
  to   space 5120K, 0% used [0x00000000d8380000,0x00000000d8380000,0x00000000d8880000)
 ParOldGen       total 86016K, used 4152K [0x0000000082a00000, 0x0000000087e00000, 0x00000000d6380000)
  object space 86016K, 4% used [0x0000000082a00000,0x0000000082e0e320,0x0000000087e00000)
 Metaspace       used 19773K, capacity 21216K, committed 21296K, reserved 1067008K
  class space    used 2577K, capacity 2864K, committed 2944K, reserved 1048576K
}
Event: 2.317 GC heap before
{Heap before GC invocations=5 (full 1):
 PSYoungGen      total 37888K, used 5088K [0x00000000d6380000, 0x00000000dad80000, 0x0000000100000000)
  eden space 32768K, 0% used [0x00000000d6380000,0x00000000d6380000,0x00000000d8380000)
  from space 5120K, 99% used [0x00000000d8880000,0x00000000d8d78030,0x00000000d8d80000)
  to   space 5120K, 0% used [0x00000000d8380000,0x00000000d8380000,0x00000000d8880000)
 ParOldGen       total 86016K, used 4152K [0x0000000082a00000, 0x0000000087e00000, 0x00000000d6380000)
  object space 86016K, 4% used [0x0000000082a00000,0x0000000082e0e320,0x0000000087e00000)
 Metaspace       used 19773K, capacity 21216K, committed 21296K, reserved 1067008K
  class space    used 2577K, capacity 2864K, committed 2944K, reserved 1048576K
Event: 2.346 GC heap after
Heap after GC invocations=5 (full 1):
 PSYoungGen      total 37888K, used 0K [0x00000000d6380000, 0x00000000dad80000, 0x0000000100000000)
  eden space 32768K, 0% used [0x00000000d6380000,0x00000000d6380000,0x00000000d8380000)
  from space 5120K, 0% used [0x00000000d8880000,0x00000000d8880000,0x00000000d8d80000)
  to   space 5120K, 0% used [0x00000000d8380000,0x00000000d8380000,0x00000000d8880000)
 ParOldGen       total 52736K, used 6405K [0x0000000082a00000, 0x0000000085d80000, 0x00000000d6380000)
  object space 52736K, 12% used [0x0000000082a00000,0x00000000830414d0,0x0000000085d80000)
 Metaspace       used 19773K, capacity 21216K, committed 21296K, reserved 1067008K
  class space    used 2577K, capacity 2864K, committed 2944K, reserved 1048576K
}
Event: 2.571 GC heap before
{Heap before GC invocations=6 (full 1):
 PSYoungGen      total 37888K, used 32768K [0x00000000d6380000, 0x00000000dad80000, 0x0000000100000000)
  eden space 32768K, 100% used [0x00000000d6380000,0x00000000d8380000,0x00000000d8380000)
  from space 5120K, 0% used [0x00000000d8880000,0x00000000d8880000,0x00000000d8d80000)
  to   space 5120K, 0% used [0x00000000d8380000,0x00000000d8380000,0x00000000d8880000)
 ParOldGen       total 52736K, used 6405K [0x0000000082a00000, 0x0000000085d80000, 0x00000000d6380000)
  object space 52736K, 12% used [0x0000000082a00000,0x00000000830414d0,0x0000000085d80000)
 Metaspace       used 23225K, capacity 24820K, committed 25088K, reserved 1071104K
  class space    used 3033K, capacity 3324K, committed 3328K, reserved 1048576K
Event: 2.574 GC heap after
Heap after GC invocations=6 (full 1):
 PSYoungGen      total 37888K, used 4654K [0x00000000d6380000, 0x00000000da880000, 0x0000000100000000)
  eden space 32768K, 0% used [0x00000000d6380000,0x00000000d6380000,0x00000000d8380000)
  from space 5120K, 90% used [0x00000000d8380000,0x00000000d880b9e0,0x00000000d8880000)
  to   space 8192K, 0% used [0x00000000da080000,0x00000000da080000,0x00000000da880000)
 ParOldGen       total 52736K, used 6405K [0x0000000082a00000, 0x0000000085d80000, 0x00000000d6380000)
  object space 52736K, 12% used [0x0000000082a00000,0x00000000830414d0,0x0000000085d80000)
 Metaspace       used 23225K, capacity 24820K, committed 25088K, reserved 1071104K
  class space    used 3033K, capacity 3324K, committed 3328K, reserved 1048576K
}
Event: 2.873 GC heap before
{Heap before GC invocations=7 (full 1):
 PSYoungGen      total 37888K, used 37422K [0x00000000d6380000, 0x00000000da880000, 0x0000000100000000)
  eden space 32768K, 100% used [0x00000000d6380000,0x00000000d8380000,0x00000000d8380000)
  from space 5120K, 90% used [0x00000000d8380000,0x00000000d880b9e0,0x00000000d8880000)
  to   space 8192K, 0% used [0x00000000da080000,0x00000000da080000,0x00000000da880000)
 ParOldGen       total 52736K, used 6405K [0x0000000082a00000, 0x0000000085d80000, 0x00000000d6380000)
  object space 52736K, 12% used [0x0000000082a00000,0x00000000830414d0,0x0000000085d80000)
 Metaspace       used 25341K, capacity 27148K, committed 27264K, reserved 1073152K
  class space    used 3323K, capacity 3664K, committed 3712K, reserved 1048576K
Event: 2.878 GC heap after
Heap after GC invocations=7 (full 1):
 PSYoungGen      total 60416K, used 4153K [0x00000000d6380000, 0x00000000da780000, 0x0000000100000000)
  eden space 53248K, 0% used [0x00000000d6380000,0x00000000d6380000,0x00000000d9780000)
  from space 7168K, 57% used [0x00000000da080000,0x00000000da48e4e0,0x00000000da780000)
  to   space 8192K, 0% used [0x00000000d9780000,0x00000000d9780000,0x00000000d9f80000)
 ParOldGen       total 52736K, used 6413K [0x0000000082a00000, 0x0000000085d80000, 0x00000000d6380000)
  object space 52736K, 12% used [0x0000000082a00000,0x00000000830434d0,0x0000000085d80000)
 Metaspace       used 25341K, capacity 27148K, committed 27264K, reserved 1073152K
  class space    used 3323K, capacity 3664K, committed 3712K, reserved 1048576K
}
Event: 3.408 GC heap before
{Heap before GC invocations=8 (full 1):
 PSYoungGen      total 60416K, used 57401K [0x00000000d6380000, 0x00000000da780000, 0x0000000100000000)
  eden space 53248K, 100% used [0x00000000d6380000,0x00000000d9780000,0x00000000d9780000)
  from space 7168K, 57% used [0x00000000da080000,0x00000000da48e4e0,0x00000000da780000)
  to   space 8192K, 0% used [0x00000000d9780000,0x00000000d9780000,0x00000000d9f80000)
 ParOldGen       total 52736K, used 6413K [0x0000000082a00000, 0x0000000085d80000, 0x00000000d6380000)
  object space 52736K, 12% used [0x0000000082a00000,0x00000000830434d0,0x0000000085d80000)
 Metaspace       used 28425K, capacity 30804K, committed 31104K, reserved 1077248K
  class space    used 3750K, capacity 4172K, committed 4224K, reserved 1048576K
Event: 3.415 GC heap after
Heap after GC invocations=8 (full 1):
 PSYoungGen      total 61440K, used 6438K [0x00000000d6380000, 0x00000000dc700000, 0x0000000100000000)
  eden space 53248K, 0% used [0x00000000d6380000,0x00000000d6380000,0x00000000d9780000)
  from space 8192K, 78% used [0x00000000d9780000,0x00000000d9dc9b50,0x00000000d9f80000)
  to   space 8192K, 0% used [0x00000000dbf00000,0x00000000dbf00000,0x00000000dc700000)
 ParOldGen       total 52736K, used 6421K [0x0000000082a00000, 0x0000000085d80000, 0x00000000d6380000)
  object space 52736K, 12% used [0x0000000082a00000,0x00000000830454d0,0x0000000085d80000)
 Metaspace       used 28425K, capacity 30804K, committed 31104K, reserved 1077248K
  class space    used 3750K, capacity 4172K, committed 4224K, reserved 1048576K
}

