# JRE version: Java(TM) SE Runtime Environment (8.0_281-b09) (build 1.8.0_281-b09)
# Java VM: Java HotSpot(TM) 64-Bit Server VM (25.281-b09 mixed mode windows-amd64 compressed oops)
Heap:
 PSYoungGen      total 70656K, used 18270K [0x00000000d6380000, 0x00000000dad80000, 0x0000000100000000)
  eden space 65536K, 20% used [0x00000000d6380000,0x00000000d705c780,0x00000000da380000)
  from space 5120K, 99% used [0x00000000da380000,0x00000000da87b128,0x00000000da880000)
  to   space 5120K, 0% used [0x00000000da880000,0x00000000da880000,0x00000000dad80000)
 ParOldGen       total 54784K, used 9204K [0x0000000082a00000, 0x0000000085f80000, 0x00000000d6380000)
  object space 54784K, 16% used [0x0000000082a00000,0x00000000832fd1c8,0x0000000085f80000)
 Metaspace       used 25633K, capacity 27616K, committed 27904K, reserved 1073152K
  class space    used 3382K, capacity 3762K, committed 3840K, reserved 1048576K
GC Heap History (10 events):
Event: 1.327 GC heap before
{Heap before GC invocations=2 (full 0):
 PSYoungGen      total 37888K, used 37481K [0x00000000d6380000, 0x00000000d8d80000, 0x0000000100000000)
  eden space 32768K, 100% used [0x00000000d6380000,0x00000000d8380000,0x00000000d8380000)
  from space 5120K, 92% used [0x00000000d8380000,0x00000000d881a5e8,0x00000000d8880000)
  to   space 5120K, 0% used [0x00000000d8880000,0x00000000d8880000,0x00000000d8d80000)
 ParOldGen       total 86016K, used 16K [0x0000000082a00000, 0x0000000087e00000, 0x00000000d6380000)
  object space 86016K, 0% used [0x0000000082a00000,0x0000000082a04000,0x0000000087e00000)
 Metaspace       used 13631K, capacity 14716K, committed 14848K, reserved 1062912K
  class space    used 1730K, capacity 1944K, committed 2048K, reserved 1048576K
Event: 1.334 GC heap after
Heap after GC invocations=2 (full 0):
 PSYoungGen      total 37888K, used 5092K [0x00000000d6380000, 0x00000000dad80000, 0x0000000100000000)
  eden space 32768K, 0% used [0x00000000d6380000,0x00000000d6380000,0x00000000d8380000)
  from space 5120K, 99% used [0x00000000d8880000,0x00000000d8d79020,0x00000000d8d80000)
  to   space 5120K, 0% used [0x00000000d8380000,0x00000000d8380000,0x00000000d8880000)
 ParOldGen       total 86016K, used 591K [0x0000000082a00000, 0x0000000087e00000, 0x00000000d6380000)
  object space 86016K, 0% used [0x0000000082a00000,0x0000000082a93f40,0x0000000087e00000)
 Metaspace       used 13631K, capacity 14716K, committed 14848K, reserved 1062912K
  class space    used 1730K, capacity 1944K, committed 2048K, reserved 1048576K
}
Event: 1.972 GC heap before
{Heap before GC invocations=3 (full 0):
 PSYoungGen      total 37888K, used 37860K [0x00000000d6380000, 0x00000000dad80000, 0x0000000100000000)
  eden space 32768K, 100% used [0x00000000d6380000,0x00000000d8380000,0x00000000d8380000)
  from space 5120K, 99% used [0x00000000d8880000,0x00000000d8d79020,0x00000000d8d80000)
  to   space 5120K, 0% used [0x00000000d8380000,0x00000000d8380000,0x00000000d8880000)
 ParOldGen       total 86016K, used 591K [0x0000000082a00000, 0x0000000087e00000, 0x00000000d6380000)
  object space 86016K, 0% used [0x0000000082a00000,0x0000000082a93f40,0x0000000087e00000)
 Metaspace       used 17162K, capacity 18634K, committed 18816K, reserved 1064960K
  class space    used 2268K, capacity 2565K, committed 2688K, reserved 1048576K
Event: 1.979 GC heap after
Heap after GC invocations=3 (full 0):
 PSYoungGen      total 37888K, used 5088K [0x00000000d6380000, 0x00000000dad80000, 0x0000000100000000)
  eden space 32768K, 0% used [0x00000000d6380000,0x00000000d6380000,0x00000000d8380000)
  from space 5120K, 99% used [0x00000000d8380000,0x00000000d88781c0,0x00000000d8880000)
  to   space 5120K, 0% used [0x00000000da880000,0x00000000da880000,0x00000000dad80000)
 ParOldGen       total 86016K, used 2710K [0x0000000082a00000, 0x0000000087e00000, 0x00000000d6380000)
  object space 86016K, 3% used [0x0000000082a00000,0x0000000082ca5820,0x0000000087e00000)
 Metaspace       used 17162K, capacity 18634K, committed 18816K, reserved 1064960K
  class space    used 2268K, capacity 2565K, committed 2688K, reserved 1048576K
}
Event: 2.138 GC heap before
{Heap before GC invocations=4 (full 0):
 PSYoungGen      total 37888K, used 25318K [0x00000000d6380000, 0x00000000dad80000, 0x0000000100000000)
  eden space 32768K, 61% used [0x00000000d6380000,0x00000000d77416c0,0x00000000d8380000)
  from space 5120K, 99% used [0x00000000d8380000,0x00000000d88781c0,0x00000000d8880000)
  to   space 5120K, 0% used [0x00000000da880000,0x00000000da880000,0x00000000dad80000)
 ParOldGen       total 86016K, used 2710K [0x0000000082a00000, 0x0000000087e00000, 0x00000000d6380000)
  object space 86016K, 3% used [0x0000000082a00000,0x0000000082ca5820,0x0000000087e00000)
 Metaspace       used 19698K, capacity 21166K, committed 21296K, reserved 1067008K
  class space    used 2546K, capacity 2849K, committed 2944K, reserved 1048576K
Event: 2.161 GC heap after
Heap after GC invocations=4 (full 0):
 PSYoungGen      total 70656K, used 5119K [0x00000000d6380000, 0x00000000dad80000, 0x0000000100000000)
  eden space 65536K, 0% used [0x00000000d6380000,0x00000000d6380000,0x00000000da380000)
  from space 5120K, 99% used [0x00000000da880000,0x00000000dad7fdd0,0x00000000dad80000)
  to   space 5120K, 0% used [0x00000000da380000,0x00000000da380000,0x00000000da880000)
 ParOldGen       total 86016K, used 4779K [0x0000000082a00000, 0x0000000087e00000, 0x00000000d6380000)
  object space 86016K, 5% used [0x0000000082a00000,0x0000000082eaacd8,0x0000000087e00000)
 Metaspace       used 19698K, capacity 21166K, committed 21296K, reserved 1067008K
  class space    used 2546K, capacity 2849K, committed 2944K, reserved 1048576K
}
Event: 2.161 GC heap before
{Heap before GC invocations=5 (full 1):
 PSYoungGen      total 70656K, used 5119K [0x00000000d6380000, 0x00000000dad80000, 0x0000000100000000)
  eden space 65536K, 0% used [0x00000000d6380000,0x00000000d6380000,0x00000000da380000)
  from space 5120K, 99% used [0x00000000da880000,0x00000000dad7fdd0,0x00000000dad80000)
  to   space 5120K, 0% used [0x00000000da380000,0x00000000da380000,0x00000000da880000)
 ParOldGen       total 86016K, used 4779K [0x0000000082a00000, 0x0000000087e00000, 0x00000000d6380000)
  object space 86016K, 5% used [0x0000000082a00000,0x0000000082eaacd8,0x0000000087e00000)
 Metaspace       used 19698K, capacity 21166K, committed 21296K, reserved 1067008K
  class space    used 2546K, capacity 2849K, committed 2944K, reserved 1048576K
Event: 2.208 GC heap after
Heap after GC invocations=5 (full 1):
 PSYoungGen      total 70656K, used 0K [0x00000000d6380000, 0x00000000dad80000, 0x0000000100000000)
  eden space 65536K, 0% used [0x00000000d6380000,0x00000000d6380000,0x00000000da380000)
  from space 5120K, 0% used [0x00000000da880000,0x00000000da880000,0x00000000dad80000)
  to   space 5120K, 0% used [0x00000000da380000,0x00000000da380000,0x00000000da880000)
 ParOldGen       total 54784K, used 7102K [0x0000000082a00000, 0x0000000085f80000, 0x00000000d6380000)
  object space 54784K, 12% used [0x0000000082a00000,0x00000000830efba8,0x0000000085f80000)
 Metaspace       used 19698K, capacity 21166K, committed 21296K, reserved 1067008K
  class space    used 2546K, capacity 2849K, committed 2944K, reserved 1048576K
}
Event: 2.800 GC heap before
{Heap before GC invocations=6 (full 1):
 PSYoungGen      total 70656K, used 65536K [0x00000000d6380000, 0x00000000dad80000, 0x0000000100000000)
  eden space 65536K, 100% used [0x00000000d6380000,0x00000000da380000,0x00000000da380000)
  from space 5120K, 0% used [0x00000000da880000,0x00000000da880000,0x00000000dad80000)
  to   space 5120K, 0% used [0x00000000da380000,0x00000000da380000,0x00000000da880000)
 ParOldGen       total 54784K, used 7102K [0x0000000082a00000, 0x0000000085f80000, 0x00000000d6380000)
  object space 54784K, 12% used [0x0000000082a00000,0x00000000830efba8,0x0000000085f80000)
 Metaspace       used 24731K, capacity 26660K, committed 26752K, reserved 1073152K
  class space    used 3261K, capacity 3640K, committed 3712K, reserved 1048576K
Event: 2.809 GC heap after
Heap after GC invocations=6 (full 1):
 PSYoungGen      total 70656K, used 5100K [0x00000000d6380000, 0x00000000dad80000, 0x0000000100000000)
  eden space 65536K, 0% used [0x00000000d6380000,0x00000000d6380000,0x00000000da380000)
  from space 5120K, 99% used [0x00000000da380000,0x00000000da87b128,0x00000000da880000)
  to   space 5120K, 0% used [0x00000000da880000,0x00000000da880000,0x00000000dad80000)
 ParOldGen       total 54784K, used 9204K [0x0000000082a00000, 0x0000000085f80000, 0x00000000d6380000)
  object space 54784K, 16% used [0x0000000082a00000,0x00000000832fd1c8,0x0000000085f80000)
 Metaspace       used 24731K, capacity 26660K, committed 26752K, reserved 1073152K
  class space    used 3261K, capacity 3640K, committed 3712K, reserved 1048576K
}

