# JRE version: Java(TM) SE Runtime Environment (8.0_281-b09) (build 1.8.0_281-b09)
# Java VM: Java HotSpot(TM) 64-Bit Server VM (25.281-b09 mixed mode windows-amd64 compressed oops)
Heap:
 PSYoungGen      total 70656K, used 10278K [0x00000000d6380000, 0x00000000ddb00000, 0x0000000100000000)
  eden space 65536K, 7% used [0x00000000d6380000,0x00000000d688c960,0x00000000da380000)
  from space 5120K, 99% used [0x00000000da380000,0x00000000da87cf68,0x00000000da880000)
  to   space 8704K, 0% used [0x00000000dd280000,0x00000000dd280000,0x00000000ddb00000)
 ParOldGen       total 55296K, used 9126K [0x0000000082a00000, 0x0000000086000000, 0x00000000d6380000)
  object space 55296K, 16% used [0x0000000082a00000,0x00000000832e9a08,0x0000000086000000)
 Metaspace       used 25082K, capacity 26970K, committed 27264K, reserved 1073152K
  class space    used 3305K, capacity 3675K, committed 3712K, reserved 1048576K
GC Heap History (10 events):
Event: 1.274 GC heap before
{Heap before GC invocations=2 (full 0):
 PSYoungGen      total 37888K, used 37512K [0x00000000d6380000, 0x00000000d8d80000, 0x0000000100000000)
  eden space 32768K, 100% used [0x00000000d6380000,0x00000000d8380000,0x00000000d8380000)
  from space 5120K, 92% used [0x00000000d8380000,0x00000000d88222d8,0x00000000d8880000)
  to   space 5120K, 0% used [0x00000000d8880000,0x00000000d8880000,0x00000000d8d80000)
 ParOldGen       total 86016K, used 16K [0x0000000082a00000, 0x0000000087e00000, 0x00000000d6380000)
  object space 86016K, 0% used [0x0000000082a00000,0x0000000082a04000,0x0000000087e00000)
 Metaspace       used 13636K, capacity 14716K, committed 14848K, reserved 1062912K
  class space    used 1730K, capacity 1944K, committed 2048K, reserved 1048576K
Event: 1.280 GC heap after
Heap after GC invocations=2 (full 0):
 PSYoungGen      total 37888K, used 5110K [0x00000000d6380000, 0x00000000dad80000, 0x0000000100000000)
  eden space 32768K, 0% used [0x00000000d6380000,0x00000000d6380000,0x00000000d8380000)
  from space 5120K, 99% used [0x00000000d8880000,0x00000000d8d7d968,0x00000000d8d80000)
  to   space 5120K, 0% used [0x00000000d8380000,0x00000000d8380000,0x00000000d8880000)
 ParOldGen       total 86016K, used 564K [0x0000000082a00000, 0x0000000087e00000, 0x00000000d6380000)
  object space 86016K, 0% used [0x0000000082a00000,0x0000000082a8d210,0x0000000087e00000)
 Metaspace       used 13636K, capacity 14716K, committed 14848K, reserved 1062912K
  class space    used 1730K, capacity 1944K, committed 2048K, reserved 1048576K
}
Event: 1.973 GC heap before
{Heap before GC invocations=3 (full 0):
 PSYoungGen      total 37888K, used 37878K [0x00000000d6380000, 0x00000000dad80000, 0x0000000100000000)
  eden space 32768K, 100% used [0x00000000d6380000,0x00000000d8380000,0x00000000d8380000)
  from space 5120K, 99% used [0x00000000d8880000,0x00000000d8d7d968,0x00000000d8d80000)
  to   space 5120K, 0% used [0x00000000d8380000,0x00000000d8380000,0x00000000d8880000)
 ParOldGen       total 86016K, used 564K [0x0000000082a00000, 0x0000000087e00000, 0x00000000d6380000)
  object space 86016K, 0% used [0x0000000082a00000,0x0000000082a8d210,0x0000000087e00000)
 Metaspace       used 17181K, capacity 18702K, committed 19072K, reserved 1064960K
  class space    used 2273K, capacity 2565K, committed 2688K, reserved 1048576K
Event: 1.980 GC heap after
Heap after GC invocations=3 (full 0):
 PSYoungGen      total 37888K, used 5109K [0x00000000d6380000, 0x00000000dad80000, 0x0000000100000000)
  eden space 32768K, 0% used [0x00000000d6380000,0x00000000d6380000,0x00000000d8380000)
  from space 5120K, 99% used [0x00000000d8380000,0x00000000d887d708,0x00000000d8880000)
  to   space 5120K, 0% used [0x00000000da880000,0x00000000da880000,0x00000000dad80000)
 ParOldGen       total 86016K, used 2548K [0x0000000082a00000, 0x0000000087e00000, 0x00000000d6380000)
  object space 86016K, 2% used [0x0000000082a00000,0x0000000082c7d090,0x0000000087e00000)
 Metaspace       used 17181K, capacity 18702K, committed 19072K, reserved 1064960K
  class space    used 2273K, capacity 2565K, committed 2688K, reserved 1048576K
}
Event: 2.090 GC heap before
{Heap before GC invocations=4 (full 0):
 PSYoungGen      total 37888K, used 25138K [0x00000000d6380000, 0x00000000dad80000, 0x0000000100000000)
  eden space 32768K, 61% used [0x00000000d6380000,0x00000000d770f128,0x00000000d8380000)
  from space 5120K, 99% used [0x00000000d8380000,0x00000000d887d708,0x00000000d8880000)
  to   space 5120K, 0% used [0x00000000da880000,0x00000000da880000,0x00000000dad80000)
 ParOldGen       total 86016K, used 2548K [0x0000000082a00000, 0x0000000087e00000, 0x00000000d6380000)
  object space 86016K, 2% used [0x0000000082a00000,0x0000000082c7d090,0x0000000087e00000)
 Metaspace       used 19650K, capacity 21170K, committed 21296K, reserved 1067008K
  class space    used 2545K, capacity 2849K, committed 2944K, reserved 1048576K
Event: 2.097 GC heap after
Heap after GC invocations=4 (full 0):
 PSYoungGen      total 70656K, used 5104K [0x00000000d6380000, 0x00000000dad80000, 0x0000000100000000)
  eden space 65536K, 0% used [0x00000000d6380000,0x00000000d6380000,0x00000000da380000)
  from space 5120K, 99% used [0x00000000da880000,0x00000000dad7c1c8,0x00000000dad80000)
  to   space 5120K, 0% used [0x00000000da380000,0x00000000da380000,0x00000000da880000)
 ParOldGen       total 86016K, used 4663K [0x0000000082a00000, 0x0000000087e00000, 0x00000000d6380000)
  object space 86016K, 5% used [0x0000000082a00000,0x0000000082e8de58,0x0000000087e00000)
 Metaspace       used 19650K, capacity 21170K, committed 21296K, reserved 1067008K
  class space    used 2545K, capacity 2849K, committed 2944K, reserved 1048576K
}
Event: 2.097 GC heap before
{Heap before GC invocations=5 (full 1):
 PSYoungGen      total 70656K, used 5104K [0x00000000d6380000, 0x00000000dad80000, 0x0000000100000000)
  eden space 65536K, 0% used [0x00000000d6380000,0x00000000d6380000,0x00000000da380000)
  from space 5120K, 99% used [0x00000000da880000,0x00000000dad7c1c8,0x00000000dad80000)
  to   space 5120K, 0% used [0x00000000da380000,0x00000000da380000,0x00000000da880000)
 ParOldGen       total 86016K, used 4663K [0x0000000082a00000, 0x0000000087e00000, 0x00000000d6380000)
  object space 86016K, 5% used [0x0000000082a00000,0x0000000082e8de58,0x0000000087e00000)
 Metaspace       used 19650K, capacity 21170K, committed 21296K, reserved 1067008K
  class space    used 2545K, capacity 2849K, committed 2944K, reserved 1048576K
Event: 2.125 GC heap after
Heap after GC invocations=5 (full 1):
 PSYoungGen      total 70656K, used 0K [0x00000000d6380000, 0x00000000dad80000, 0x0000000100000000)
  eden space 65536K, 0% used [0x00000000d6380000,0x00000000d6380000,0x00000000da380000)
  from space 5120K, 0% used [0x00000000da880000,0x00000000da880000,0x00000000dad80000)
  to   space 5120K, 0% used [0x00000000da380000,0x00000000da380000,0x00000000da880000)
 ParOldGen       total 55296K, used 7043K [0x0000000082a00000, 0x0000000086000000, 0x00000000d6380000)
  object space 55296K, 12% used [0x0000000082a00000,0x00000000830e0dc0,0x0000000086000000)
 Metaspace       used 19650K, capacity 21170K, committed 21296K, reserved 1067008K
  class space    used 2545K, capacity 2849K, committed 2944K, reserved 1048576K
}
Event: 2.778 GC heap before
{Heap before GC invocations=6 (full 1):
 PSYoungGen      total 70656K, used 65536K [0x00000000d6380000, 0x00000000dad80000, 0x0000000100000000)
  eden space 65536K, 100% used [0x00000000d6380000,0x00000000da380000,0x00000000da380000)
  from space 5120K, 0% used [0x00000000da880000,0x00000000da880000,0x00000000dad80000)
  to   space 5120K, 0% used [0x00000000da380000,0x00000000da380000,0x00000000da880000)
 ParOldGen       total 55296K, used 7043K [0x0000000082a00000, 0x0000000086000000, 0x00000000d6380000)
  object space 55296K, 12% used [0x0000000082a00000,0x00000000830e0dc0,0x0000000086000000)
 Metaspace       used 24677K, capacity 26568K, committed 26752K, reserved 1073152K
  class space    used 3252K, capacity 3608K, committed 3712K, reserved 1048576K
Event: 2.788 GC heap after
Heap after GC invocations=6 (full 1):
 PSYoungGen      total 70656K, used 5107K [0x00000000d6380000, 0x00000000ddb00000, 0x0000000100000000)
  eden space 65536K, 0% used [0x00000000d6380000,0x00000000d6380000,0x00000000da380000)
  from space 5120K, 99% used [0x00000000da380000,0x00000000da87cf68,0x00000000da880000)
  to   space 8704K, 0% used [0x00000000dd280000,0x00000000dd280000,0x00000000ddb00000)
 ParOldGen       total 55296K, used 9126K [0x0000000082a00000, 0x0000000086000000, 0x00000000d6380000)
  object space 55296K, 16% used [0x0000000082a00000,0x00000000832e9a08,0x0000000086000000)
 Metaspace       used 24677K, capacity 26568K, committed 26752K, reserved 1073152K
  class space    used 3252K, capacity 3608K, committed 3712K, reserved 1048576K
}

