# JRE version: Java(TM) SE Runtime Environment (8.0_281-b09) (build 1.8.0_281-b09)
# Java VM: Java HotSpot(TM) 64-Bit Server VM (25.281-b09 mixed mode windows-amd64 compressed oops)
Heap:
 PSYoungGen      total 70656K, used 12145K [0x00000000d6380000, 0x00000000dda80000, 0x0000000100000000)
  eden space 65536K, 10% used [0x00000000d6380000,0x00000000d6a5ff58,0x00000000da380000)
  from space 5120K, 99% used [0x00000000da380000,0x00000000da87c6f0,0x00000000da880000)
  to   space 8704K, 0% used [0x00000000dd200000,0x00000000dd200000,0x00000000dda80000)
 ParOldGen       total 55808K, used 9009K [0x0000000082a00000, 0x0000000086080000, 0x00000000d6380000)
  object space 55808K, 16% used [0x0000000082a00000,0x00000000832cc4f0,0x0000000086080000)
 Metaspace       used 25209K, capacity 27142K, committed 27264K, reserved 1073152K
  class space    used 3318K, capacity 3681K, committed 3712K, reserved 1048576K
GC Heap History (10 events):
Event: 1.386 GC heap before
{Heap before GC invocations=2 (full 0):
 PSYoungGen      total 37888K, used 37447K [0x00000000d6380000, 0x00000000d8d80000, 0x0000000100000000)
  eden space 32768K, 100% used [0x00000000d6380000,0x00000000d8380000,0x00000000d8380000)
  from space 5120K, 91% used [0x00000000d8380000,0x00000000d8811cb0,0x00000000d8880000)
  to   space 5120K, 0% used [0x00000000d8880000,0x00000000d8880000,0x00000000d8d80000)
 ParOldGen       total 86016K, used 16K [0x0000000082a00000, 0x0000000087e00000, 0x00000000d6380000)
  object space 86016K, 0% used [0x0000000082a00000,0x0000000082a04000,0x0000000087e00000)
 Metaspace       used 13639K, capacity 14720K, committed 14848K, reserved 1062912K
  class space    used 1730K, capacity 1944K, committed 2048K, reserved 1048576K
Event: 1.392 GC heap after
Heap after GC invocations=2 (full 0):
 PSYoungGen      total 37888K, used 5113K [0x00000000d6380000, 0x00000000d8d80000, 0x0000000100000000)
  eden space 32768K, 0% used [0x00000000d6380000,0x00000000d6380000,0x00000000d8380000)
  from space 5120K, 99% used [0x00000000d8880000,0x00000000d8d7e780,0x00000000d8d80000)
  to   space 5120K, 0% used [0x00000000d8380000,0x00000000d8380000,0x00000000d8880000)
 ParOldGen       total 86016K, used 610K [0x0000000082a00000, 0x0000000087e00000, 0x00000000d6380000)
  object space 86016K, 0% used [0x0000000082a00000,0x0000000082a98900,0x0000000087e00000)
 Metaspace       used 13639K, capacity 14720K, committed 14848K, reserved 1062912K
  class space    used 1730K, capacity 1944K, committed 2048K, reserved 1048576K
}
Event: 2.069 GC heap before
{Heap before GC invocations=3 (full 0):
 PSYoungGen      total 37888K, used 37881K [0x00000000d6380000, 0x00000000d8d80000, 0x0000000100000000)
  eden space 32768K, 100% used [0x00000000d6380000,0x00000000d8380000,0x00000000d8380000)
  from space 5120K, 99% used [0x00000000d8880000,0x00000000d8d7e780,0x00000000d8d80000)
  to   space 5120K, 0% used [0x00000000d8380000,0x00000000d8380000,0x00000000d8880000)
 ParOldGen       total 86016K, used 610K [0x0000000082a00000, 0x0000000087e00000, 0x00000000d6380000)
  object space 86016K, 0% used [0x0000000082a00000,0x0000000082a98900,0x0000000087e00000)
 Metaspace       used 17038K, capacity 18542K, committed 18688K, reserved 1064960K
  class space    used 2262K, capacity 2529K, committed 2560K, reserved 1048576K
Event: 2.078 GC heap after
Heap after GC invocations=3 (full 0):
 PSYoungGen      total 37888K, used 5109K [0x00000000d6380000, 0x00000000dad80000, 0x0000000100000000)
  eden space 32768K, 0% used [0x00000000d6380000,0x00000000d6380000,0x00000000d8380000)
  from space 5120K, 99% used [0x00000000d8380000,0x00000000d887d4c0,0x00000000d8880000)
  to   space 5120K, 0% used [0x00000000da880000,0x00000000da880000,0x00000000dad80000)
 ParOldGen       total 86016K, used 2452K [0x0000000082a00000, 0x0000000087e00000, 0x00000000d6380000)
  object space 86016K, 2% used [0x0000000082a00000,0x0000000082c65218,0x0000000087e00000)
 Metaspace       used 17038K, capacity 18542K, committed 18688K, reserved 1064960K
  class space    used 2262K, capacity 2529K, committed 2560K, reserved 1048576K
}
Event: 2.200 GC heap before
{Heap before GC invocations=4 (full 0):
 PSYoungGen      total 37888K, used 25846K [0x00000000d6380000, 0x00000000dad80000, 0x0000000100000000)
  eden space 32768K, 63% used [0x00000000d6380000,0x00000000d77c03a8,0x00000000d8380000)
  from space 5120K, 99% used [0x00000000d8380000,0x00000000d887d4c0,0x00000000d8880000)
  to   space 5120K, 0% used [0x00000000da880000,0x00000000da880000,0x00000000dad80000)
 ParOldGen       total 86016K, used 2452K [0x0000000082a00000, 0x0000000087e00000, 0x00000000d6380000)
  object space 86016K, 2% used [0x0000000082a00000,0x0000000082c65218,0x0000000087e00000)
 Metaspace       used 19619K, capacity 21160K, committed 21296K, reserved 1067008K
  class space    used 2561K, capacity 2860K, committed 2944K, reserved 1048576K
Event: 2.207 GC heap after
Heap after GC invocations=4 (full 0):
 PSYoungGen      total 70656K, used 5095K [0x00000000d6380000, 0x00000000dad80000, 0x0000000100000000)
  eden space 65536K, 0% used [0x00000000d6380000,0x00000000d6380000,0x00000000da380000)
  from space 5120K, 99% used [0x00000000da880000,0x00000000dad79eb8,0x00000000dad80000)
  to   space 5120K, 0% used [0x00000000da380000,0x00000000da380000,0x00000000da880000)
 ParOldGen       total 86016K, used 4510K [0x0000000082a00000, 0x0000000087e00000, 0x00000000d6380000)
  object space 86016K, 5% used [0x0000000082a00000,0x0000000082e67b58,0x0000000087e00000)
 Metaspace       used 19619K, capacity 21160K, committed 21296K, reserved 1067008K
  class space    used 2561K, capacity 2860K, committed 2944K, reserved 1048576K
}
Event: 2.207 GC heap before
{Heap before GC invocations=5 (full 1):
 PSYoungGen      total 70656K, used 5095K [0x00000000d6380000, 0x00000000dad80000, 0x0000000100000000)
  eden space 65536K, 0% used [0x00000000d6380000,0x00000000d6380000,0x00000000da380000)
  from space 5120K, 99% used [0x00000000da880000,0x00000000dad79eb8,0x00000000dad80000)
  to   space 5120K, 0% used [0x00000000da380000,0x00000000da380000,0x00000000da880000)
 ParOldGen       total 86016K, used 4510K [0x0000000082a00000, 0x0000000087e00000, 0x00000000d6380000)
  object space 86016K, 5% used [0x0000000082a00000,0x0000000082e67b58,0x0000000087e00000)
 Metaspace       used 19619K, capacity 21160K, committed 21296K, reserved 1067008K
  class space    used 2561K, capacity 2860K, committed 2944K, reserved 1048576K
Event: 2.236 GC heap after
Heap after GC invocations=5 (full 1):
 PSYoungGen      total 70656K, used 0K [0x00000000d6380000, 0x00000000dad80000, 0x0000000100000000)
  eden space 65536K, 0% used [0x00000000d6380000,0x00000000d6380000,0x00000000da380000)
  from space 5120K, 0% used [0x00000000da880000,0x00000000da880000,0x00000000dad80000)
  to   space 5120K, 0% used [0x00000000da380000,0x00000000da380000,0x00000000da880000)
 ParOldGen       total 55808K, used 7010K [0x0000000082a00000, 0x0000000086080000, 0x00000000d6380000)
  object space 55808K, 12% used [0x0000000082a00000,0x00000000830d8a28,0x0000000086080000)
 Metaspace       used 19619K, capacity 21160K, committed 21296K, reserved 1067008K
  class space    used 2561K, capacity 2860K, committed 2944K, reserved 1048576K
}
Event: 2.937 GC heap before
{Heap before GC invocations=6 (full 1):
 PSYoungGen      total 70656K, used 65536K [0x00000000d6380000, 0x00000000dad80000, 0x0000000100000000)
  eden space 65536K, 100% used [0x00000000d6380000,0x00000000da380000,0x00000000da380000)
  from space 5120K, 0% used [0x00000000da880000,0x00000000da880000,0x00000000dad80000)
  to   space 5120K, 0% used [0x00000000da380000,0x00000000da380000,0x00000000da880000)
 ParOldGen       total 55808K, used 7010K [0x0000000082a00000, 0x0000000086080000, 0x00000000d6380000)
  object space 55808K, 12% used [0x0000000082a00000,0x00000000830d8a28,0x0000000086080000)
 Metaspace       used 24626K, capacity 26508K, committed 26752K, reserved 1073152K
  class space    used 3243K, capacity 3608K, committed 3712K, reserved 1048576K
Event: 2.945 GC heap after
Heap after GC invocations=6 (full 1):
 PSYoungGen      total 70656K, used 5105K [0x00000000d6380000, 0x00000000dda80000, 0x0000000100000000)
  eden space 65536K, 0% used [0x00000000d6380000,0x00000000d6380000,0x00000000da380000)
  from space 5120K, 99% used [0x00000000da380000,0x00000000da87c6f0,0x00000000da880000)
  to   space 8704K, 0% used [0x00000000dd200000,0x00000000dd200000,0x00000000dda80000)
 ParOldGen       total 55808K, used 9009K [0x0000000082a00000, 0x0000000086080000, 0x00000000d6380000)
  object space 55808K, 16% used [0x0000000082a00000,0x00000000832cc4f0,0x0000000086080000)
 Metaspace       used 24626K, capacity 26508K, committed 26752K, reserved 1073152K
  class space    used 3243K, capacity 3608K, committed 3712K, reserved 1048576K
}

